============================================================
 New Key Daily Report — 2026-03-25T13:00:01.706Z
============================================================
  New listings  : 485
  Newly sold    : 237
  Price changes : 90

  Sending to info@newkey.us …
  ✓ Sent — id: a3d73b8b-13da-48af-8b99-21c669f9b6d4
============================================================
============================================================
 New Key Daily Report — 2026-03-26T13:00:01.629Z
============================================================
  New listings  : 21
  Newly sold    : 112
  Price changes : 21

  Sending to info@newkey.us …
  ✓ Sent — id: d6f7ade8-5403-4458-b965-83b0e0f50646
============================================================
============================================================
 New Key Daily Report — 2026-04-24T13:00:02.032Z
============================================================
  Snapshot loaded from 2026-04-24T06:04:04.603Z

  Collecting post-scrape data…
  For sale now  : 252 (was 170 at 11 PM)
  New listings  : 0
  Newly sold    : 2
  Price changes : 74

  Sending to armin.sabe@gmail.com…
  ✓ Sent — id: 83f76931-77a8-41f5-ac90-5ede65168da9
  Elapsed: 6.7s
============================================================
============================================================
 New Key Daily Report — 2026-05-07T13:42:02.079Z
============================================================
  Snapshot loaded from 2026-05-06T14:29:45.122Z

  Collecting post-scrape data…
